This is pdfTeX, Version 3.141592653-2.6-1.40.25 (MiKTeX 24.1) (preloaded format=pdflatex 2024.2.20)  20 FEB 2024 14:34
entering extended mode
 restricted \write18 enabled.
 %&-line parsing enabled.
**./PolyWAG_HardwareX.tex
(PolyWAG_HardwareX.tex
LaTeX2e <2023-11-01> patch level 1
L3 programming layer <2024-02-13>
(C:\Users\marc\AppData\Local\Programs\MiKTeX\tex/latex/base\article.cls
Document Class: article 2023/05/17 v1.4n Standard LaTeX document class
(C:\Users\marc\AppData\Local\Programs\MiKTeX\tex/latex/base\size11.clo
File: size11.clo 2023/05/17 v1.4n Standard LaTeX file (size option)
)
\c@part=\count188
\c@section=\count189
\c@subsection=\count190
\c@subsubsection=\count191
\c@paragraph=\count192
\c@subparagraph=\count193
\c@figure=\count194
\c@table=\count195
\abovecaptionskip=\skip48
\belowcaptionskip=\skip49
\bibindent=\dimen140
)
(C:\Users\marc\AppData\Local\Programs\MiKTeX\tex/latex/base\inputenc.sty
Package: inputenc 2021/02/14 v1.3d Input encoding file
\inpenc@prehook=\toks17
\inpenc@posthook=\toks18
)
(C:\Users\marc\AppData\Local\Programs\MiKTeX\tex/latex/geometry\geometry.sty
Package: geometry 2020/01/02 v5.9 Page Geometry

(C:\Users\marc\AppData\Local\Programs\MiKTeX\tex/latex/graphics\keyval.sty
Package: keyval 2022/05/29 v1.15 key=value parser (DPC)
\KV@toks@=\toks19
)
(C:\Users\marc\AppData\Local\Programs\MiKTeX\tex/generic/iftex\ifvtex.sty
Package: ifvtex 2019/10/25 v1.7 ifvtex legacy package. Use iftex instead.

(C:\Users\marc\AppData\Local\Programs\MiKTeX\tex/generic/iftex\iftex.sty
Package: iftex 2022/02/03 v1.0f TeX engine tests
))
\Gm@cnth=\count196
\Gm@cntv=\count197
\c@Gm@tempcnt=\count198
\Gm@bindingoffset=\dimen141
\Gm@wd@mp=\dimen142
\Gm@odd@mp=\dimen143
\Gm@even@mp=\dimen144
\Gm@layoutwidth=\dimen145
\Gm@layoutheight=\dimen146
\Gm@layouthoffset=\dimen147
\Gm@layoutvoffset=\dimen148
\Gm@dimlist=\toks20

(C:\Users\marc\AppData\Local\Programs\MiKTeX\tex/latex/geometry\geometry.cfg))
(C:\Users\marc\AppData\Local\Programs\MiKTeX\tex/latex/titlesec\titlesec.sty
Package: titlesec 2023/10/27 v2.16 Sectioning titles
\ttl@box=\box51
\beforetitleunit=\skip50
\aftertitleunit=\skip51
\ttl@plus=\dimen149
\ttl@minus=\dimen150
\ttl@toksa=\toks21
\titlewidth=\dimen151
\titlewidthlast=\dimen152
\titlewidthfirst=\dimen153
)
(C:\Users\marc\AppData\Local\Programs\MiKTeX\tex/latex/tabu\tabu.sty
Package: tabu 2019/01/11 v2.9 - flexible LaTeX tabulars (FC+tabu-fixed)

(C:\Users\marc\AppData\Local\Programs\MiKTeX\tex/latex/tools\array.sty
Package: array 2023/10/16 v2.5g Tabular extension package (FMi)
\col@sep=\dimen154
\ar@mcellbox=\box52
\extrarowheight=\dimen155
\NC@list=\toks22
\extratabsurround=\skip52
\backup@length=\skip53
\ar@cellbox=\box53
)
(C:\Users\marc\AppData\Local\Programs\MiKTeX\tex/latex/varwidth\varwidth.sty
Package: varwidth 2009/03/30 ver 0.92;  Variable-width minipages
\@vwid@box=\box54
\sift@deathcycles=\count199
\@vwid@loff=\dimen156
\@vwid@roff=\dimen157
)
\c@taburow=\count266
\tabu@nbcols=\count267
\tabu@cnt=\count268
\tabu@Xcol=\count269
\tabu@alloc=\count270
\tabu@nested=\count271
\tabu@target=\dimen158
\tabu@spreadtarget=\dimen159
\tabu@naturalX=\dimen160
\tabucolX=\dimen161
\tabu@Xsum=\dimen162
\extrarowdepth=\dimen163
\abovetabulinesep=\dimen164
\belowtabulinesep=\dimen165
\tabustrutrule=\dimen166
\tabu@thebody=\toks23
\tabu@footnotes=\toks24
\tabu@box=\box55
\tabu@arstrutbox=\box56
\tabu@hleads=\box57
\tabu@vleads=\box58
\tabu@cellskip=\skip54
)
(C:\Users\marc\AppData\Local\Programs\MiKTeX\tex/latex/enumitem\enumitem.sty
Package: enumitem 2019/06/20 v3.9 Customized lists
\labelindent=\skip55
\enit@outerparindent=\dimen167
\enit@toks=\toks25
\enit@inbox=\box59
\enit@count@id=\count272
\enitdp@description=\count273
)
(C:\Users\marc\AppData\Local\Programs\MiKTeX\tex/latex/amsfonts\amssymb.sty
Package: amssymb 2013/01/14 v3.01 AMS font symbols

(C:\Users\marc\AppData\Local\Programs\MiKTeX\tex/latex/amsfonts\amsfonts.sty
Package: amsfonts 2013/01/14 v3.01 Basic AMSFonts support
\@emptytoks=\toks26
\symAMSa=\mathgroup4
\symAMSb=\mathgroup5
LaTeX Font Info:    Redeclaring math symbol \hbar on input line 98.
LaTeX Font Info:    Overwriting math alphabet `\mathfrak' in version `bold'
(Font)                  U/euf/m/n --> U/euf/b/n on input line 106.
))
(C:\Users\marc\AppData\Local\Programs\MiKTeX\tex/latex/xcolor\xcolor.sty
Package: xcolor 2023/11/15 v3.01 LaTeX color extensions (UK)

(C:\Users\marc\AppData\Local\Programs\MiKTeX\tex/latex/graphics-cfg\color.cfg
File: color.cfg 2016/01/02 v1.6 sample color configuration
)
Package xcolor Info: Driver file: pdftex.def on input line 274.

(C:\Users\marc\AppData\Local\Programs\MiKTeX\tex/latex/graphics-def\pdftex.def
File: pdftex.def 2022/09/22 v1.2b Graphics/color driver for pdftex
) (C:\Users\marc\AppData\Local\Programs\MiKTeX\tex/latex/graphics\mathcolor.ltx
)
Package xcolor Info: Model `cmy' substituted by `cmy0' on input line 1350.
Package xcolor Info: Model `hsb' substituted by `rgb' on input line 1354.
Package xcolor Info: Model `RGB' extended on input line 1366.
Package xcolor Info: Model `HTML' substituted by `rgb' on input line 1368.
Package xcolor Info: Model `Hsb' substituted by `hsb' on input line 1369.
Package xcolor Info: Model `tHsb' substituted by `hsb' on input line 1370.
Package xcolor Info: Model `HSB' substituted by `hsb' on input line 1371.
Package xcolor Info: Model `Gray' substituted by `gray' on input line 1372.
Package xcolor Info: Model `wave' substituted by `hsb' on input line 1373.
) (C:\Users\marc\AppData\Local\Programs\MiKTeX\tex/latex/tools\verbatim.sty
Package: verbatim 2023-11-06 v1.5v LaTeX2e package for verbatim enhancements
\every@verbatim=\toks27
\verbatim@line=\toks28
\verbatim@in@stream=\read2
)
(C:\Users\marc\AppData\Local\Programs\MiKTeX\tex/latex/graphics\graphicx.sty
Package: graphicx 2021/09/16 v1.2d Enhanced LaTeX Graphics (DPC,SPQR)

(C:\Users\marc\AppData\Local\Programs\MiKTeX\tex/latex/graphics\graphics.sty
Package: graphics 2022/03/10 v1.4e Standard LaTeX Graphics (DPC,SPQR)

(C:\Users\marc\AppData\Local\Programs\MiKTeX\tex/latex/graphics\trig.sty
Package: trig 2021/08/11 v1.11 sin cos tan (DPC)
)
(C:\Users\marc\AppData\Local\Programs\MiKTeX\tex/latex/graphics-cfg\graphics.cf
g
File: graphics.cfg 2016/06/04 v1.11 sample graphics configuration
)
Package graphics Info: Driver file: pdftex.def on input line 107.
)
\Gin@req@height=\dimen168
\Gin@req@width=\dimen169
)
(C:\Users\marc\AppData\Local\Programs\MiKTeX\tex/latex/setspace\setspace.sty
Package: setspace 2022/12/04 v6.7b set line spacing
)
(C:\Users\marc\AppData\Local\Programs\MiKTeX\tex/latex/lineno\lineno.sty
Package: lineno 2023/05/20 line numbers on paragraphs v5.3

(C:\Users\marc\AppData\Local\Programs\MiKTeX\tex/latex/etoolbox\etoolbox.sty
Package: etoolbox 2020/10/05 v2.5k e-TeX tools for LaTeX (JAW)
\etb@tempcnta=\count274
)
(C:\Users\marc\AppData\Local\Programs\MiKTeX\tex/latex/kvoptions\kvoptions.sty
Package: kvoptions 2022-06-15 v3.15 Key value format for package options (HO)

(C:\Users\marc\AppData\Local\Programs\MiKTeX\tex/generic/ltxcmds\ltxcmds.sty
Package: ltxcmds 2023-12-04 v1.26 LaTeX kernel commands for general use (HO)
)
(C:\Users\marc\AppData\Local\Programs\MiKTeX\tex/latex/kvsetkeys\kvsetkeys.sty
Package: kvsetkeys 2022-10-05 v1.19 Key value parser (HO)
))
\linenopenalty=\count275
\output=\toks29
\linenoprevgraf=\count276
\linenumbersep=\dimen170
\linenumberwidth=\dimen171
\c@linenumber=\count277
\c@pagewiselinenumber=\count278
\c@LN@truepage=\count279
\c@internallinenumber=\count280
\c@internallinenumbers=\count281
\quotelinenumbersep=\dimen172
\bframerule=\dimen173
\bframesep=\dimen174
\bframebox=\box60
LaTeX Info: Redefining \\ on input line 3180.
) (C:\Users\marc\AppData\Local\Programs\MiKTeX\tex/latex/makecell\makecell.sty
Package: makecell 2009/08/03 V0.1e Managing of Tab Column Heads and Cells
\rotheadsize=\dimen175
\c@nlinenum=\count282
\TeXr@lab=\toks30
) (C:\Users\marc\AppData\Local\Programs\MiKTeX\tex/latex/float\float.sty
Package: float 2001/11/08 v1.3d Float enhancements (AL)
\c@float@type=\count283
\float@exts=\toks31
\float@box=\box61
\@float@everytoks=\toks32
\@floatcapt=\box62
)
\enitdp@selectlist=\count284

(C:\Users\marc\AppData\Local\Programs\MiKTeX\tex/latex/lm\lmodern.sty
Package: lmodern 2015/05/01 v1.6.1 Latin Modern Fonts
LaTeX Font Info:    Overwriting symbol font `operators' in version `normal'
(Font)                  OT1/cmr/m/n --> OT1/lmr/m/n on input line 22.
LaTeX Font Info:    Overwriting symbol font `letters' in version `normal'
(Font)                  OML/cmm/m/it --> OML/lmm/m/it on input line 23.
LaTeX Font Info:    Overwriting symbol font `symbols' in version `normal'
(Font)                  OMS/cmsy/m/n --> OMS/lmsy/m/n on input line 24.
LaTeX Font Info:    Overwriting symbol font `largesymbols' in version `normal'
(Font)                  OMX/cmex/m/n --> OMX/lmex/m/n on input line 25.
LaTeX Font Info:    Overwriting symbol font `operators' in version `bold'
(Font)                  OT1/cmr/bx/n --> OT1/lmr/bx/n on input line 26.
LaTeX Font Info:    Overwriting symbol font `letters' in version `bold'
(Font)                  OML/cmm/b/it --> OML/lmm/b/it on input line 27.
LaTeX Font Info:    Overwriting symbol font `symbols' in version `bold'
(Font)                  OMS/cmsy/b/n --> OMS/lmsy/b/n on input line 28.
LaTeX Font Info:    Overwriting symbol font `largesymbols' in version `bold'
(Font)                  OMX/cmex/m/n --> OMX/lmex/m/n on input line 29.
LaTeX Font Info:    Overwriting math alphabet `\mathbf' in version `normal'
(Font)                  OT1/cmr/bx/n --> OT1/lmr/bx/n on input line 31.
LaTeX Font Info:    Overwriting math alphabet `\mathsf' in version `normal'
(Font)                  OT1/cmss/m/n --> OT1/lmss/m/n on input line 32.
LaTeX Font Info:    Overwriting math alphabet `\mathit' in version `normal'
(Font)                  OT1/cmr/m/it --> OT1/lmr/m/it on input line 33.
LaTeX Font Info:    Overwriting math alphabet `\mathtt' in version `normal'
(Font)                  OT1/cmtt/m/n --> OT1/lmtt/m/n on input line 34.
LaTeX Font Info:    Overwriting math alphabet `\mathbf' in version `bold'
(Font)                  OT1/cmr/bx/n --> OT1/lmr/bx/n on input line 35.
LaTeX Font Info:    Overwriting math alphabet `\mathsf' in version `bold'
(Font)                  OT1/cmss/bx/n --> OT1/lmss/bx/n on input line 36.
LaTeX Font Info:    Overwriting math alphabet `\mathit' in version `bold'
(Font)                  OT1/cmr/bx/it --> OT1/lmr/bx/it on input line 37.
LaTeX Font Info:    Overwriting math alphabet `\mathtt' in version `bold'
(Font)                  OT1/cmtt/m/n --> OT1/lmtt/m/n on input line 38.
)
(C:\Users\marc\AppData\Local\Programs\MiKTeX\tex/latex/hyperref\hyperref.sty
Package: hyperref 2024-01-20 v7.01h Hypertext links for LaTeX

(C:\Users\marc\AppData\Local\Programs\MiKTeX\tex/generic/kvdefinekeys\kvdefinek
eys.sty
Package: kvdefinekeys 2019-12-19 v1.6 Define keys (HO)
)
(C:\Users\marc\AppData\Local\Programs\MiKTeX\tex/generic/pdfescape\pdfescape.st
y
Package: pdfescape 2019/12/09 v1.15 Implements pdfTeX's escape features (HO)

(C:\Users\marc\AppData\Local\Programs\MiKTeX\tex/generic/pdftexcmds\pdftexcmds.
sty
Package: pdftexcmds 2020-06-27 v0.33 Utility functions of pdfTeX for LuaTeX (HO
)

(C:\Users\marc\AppData\Local\Programs\MiKTeX\tex/generic/infwarerr\infwarerr.st
y
Package: infwarerr 2019/12/03 v1.5 Providing info/warning/error messages (HO)
)
Package pdftexcmds Info: \pdf@primitive is available.
Package pdftexcmds Info: \pdf@ifprimitive is available.
Package pdftexcmds Info: \pdfdraftmode found.
)) (C:\Users\marc\AppData\Local\Programs\MiKTeX\tex/latex/hycolor\hycolor.sty
Package: hycolor 2020-01-27 v1.10 Color options for hyperref/bookmark (HO)
) (C:\Users\marc\AppData\Local\Programs\MiKTeX\tex/latex/auxhook\auxhook.sty
Package: auxhook 2019-12-17 v1.6 Hooks for auxiliary files (HO)
)
(C:\Users\marc\AppData\Local\Programs\MiKTeX\tex/latex/hyperref\nameref.sty
Package: nameref 2023-11-26 v2.56 Cross-referencing by name of section

(C:\Users\marc\AppData\Local\Programs\MiKTeX\tex/latex/refcount\refcount.sty
Package: refcount 2019/12/15 v3.6 Data extraction from label references (HO)
)
(C:\Users\marc\AppData\Local\Programs\MiKTeX\tex/generic/gettitlestring\gettitl
estring.sty
Package: gettitlestring 2019/12/15 v1.6 Cleanup title references (HO)
)
\c@section@level=\count285
)
\@linkdim=\dimen176
\Hy@linkcounter=\count286
\Hy@pagecounter=\count287

(C:\Users\marc\AppData\Local\Programs\MiKTeX\tex/latex/hyperref\pd1enc.def
File: pd1enc.def 2024-01-20 v7.01h Hyperref: PDFDocEncoding definition (HO)
Now handling font encoding PD1 ...
... no UTF-8 mapping file for font encoding PD1
)
(C:\Users\marc\AppData\Local\Programs\MiKTeX\tex/generic/intcalc\intcalc.sty
Package: intcalc 2019/12/15 v1.3 Expandable calculations with integers (HO)
)
\Hy@SavedSpaceFactor=\count288

(C:\Users\marc\AppData\Local\Programs\MiKTeX\tex/latex/hyperref\puenc.def
File: puenc.def 2024-01-20 v7.01h Hyperref: PDF Unicode definition (HO)
Now handling font encoding PU ...
... no UTF-8 mapping file for font encoding PU
)
Package hyperref Info: Hyper figures OFF on input line 4179.
Package hyperref Info: Link nesting OFF on input line 4184.
Package hyperref Info: Hyper index ON on input line 4187.
Package hyperref Info: Plain pages OFF on input line 4194.
Package hyperref Info: Backreferencing OFF on input line 4199.
Package hyperref Info: Implicit mode ON; LaTeX internals redefined.
Package hyperref Info: Bookmarks ON on input line 4446.
\c@Hy@tempcnt=\count289

(C:\Users\marc\AppData\Local\Programs\MiKTeX\tex/latex/url\url.sty
\Urlmuskip=\muskip16
Package: url 2013/09/16  ver 3.4  Verb mode for urls, etc.
)
LaTeX Info: Redefining \url on input line 4784.
\XeTeXLinkMargin=\dimen177

(C:\Users\marc\AppData\Local\Programs\MiKTeX\tex/generic/bitset\bitset.sty
Package: bitset 2019/12/09 v1.3 Handle bit-vector datatype (HO)

(C:\Users\marc\AppData\Local\Programs\MiKTeX\tex/generic/bigintcalc\bigintcalc.
sty
Package: bigintcalc 2019/12/15 v1.5 Expandable calculations on big integers (HO
)
))
\Fld@menulength=\count290
\Field@Width=\dimen178
\Fld@charsize=\dimen179
Package hyperref Info: Hyper figures OFF on input line 6063.
Package hyperref Info: Link nesting OFF on input line 6068.
Package hyperref Info: Hyper index ON on input line 6071.
Package hyperref Info: backreferencing OFF on input line 6078.
Package hyperref Info: Link coloring OFF on input line 6083.
Package hyperref Info: Link coloring with OCG OFF on input line 6088.
Package hyperref Info: PDF/A mode OFF on input line 6093.

(C:\Users\marc\AppData\Local\Programs\MiKTeX\tex/latex/base\atbegshi-ltx.sty
Package: atbegshi-ltx 2021/01/10 v1.0c Emulation of the original atbegshi
package with kernel methods
)
\Hy@abspage=\count291
\c@Item=\count292
\c@Hfootnote=\count293
)
Package hyperref Info: Driver (autodetected): hpdftex.

(C:\Users\marc\AppData\Local\Programs\MiKTeX\tex/latex/hyperref\hpdftex.def
File: hpdftex.def 2024-01-20 v7.01h Hyperref driver for pdfTeX

(C:\Users\marc\AppData\Local\Programs\MiKTeX\tex/latex/base\atveryend-ltx.sty
Package: atveryend-ltx 2020/08/19 v1.0a Emulation of the original atveryend pac
kage
with kernel methods
)
\Fld@listcount=\count294
\c@bookmark@seq@number=\count295

(C:\Users\marc\AppData\Local\Programs\MiKTeX\tex/latex/rerunfilecheck\rerunfile
check.sty
Package: rerunfilecheck 2022-07-10 v1.10 Rerun checks for auxiliary files (HO)

(C:\Users\marc\AppData\Local\Programs\MiKTeX\tex/generic/uniquecounter\uniqueco
unter.sty
Package: uniquecounter 2019/12/15 v1.4 Provide unlimited unique counter (HO)
)
Package uniquecounter Info: New unique counter `rerunfilecheck' on input line 2
85.
)
\Hy@SectionHShift=\skip56
)
Package hyperref Info: Option `colorlinks' set `true' on input line 29.
LaTeX Font Info:    Trying to load font information for OT1+lmr on input line 4
1.

(C:\Users\marc\AppData\Local\Programs\MiKTeX\tex/latex/lm\ot1lmr.fd
File: ot1lmr.fd 2015/05/01 v1.6.1 Font defs for Latin Modern
)
(C:\Users\marc\AppData\Local\Programs\MiKTeX\tex/latex/l3backend\l3backend-pdft
ex.def
File: l3backend-pdftex.def 2024-01-04 L3 backend support: PDF output (pdfTeX)
\l__color_backend_stack_int=\count296
\l__pdf_internal_box=\box63
) (PolyWAG_HardwareX.aux)
\openout1 = `PolyWAG_HardwareX.aux'.

LaTeX Font Info:    Checking defaults for OML/cmm/m/it on input line 41.
LaTeX Font Info:    ... okay on input line 41.
LaTeX Font Info:    Checking defaults for OMS/cmsy/m/n on input line 41.
LaTeX Font Info:    ... okay on input line 41.
LaTeX Font Info:    Checking defaults for OT1/cmr/m/n on input line 41.
LaTeX Font Info:    ... okay on input line 41.
LaTeX Font Info:    Checking defaults for T1/cmr/m/n on input line 41.
LaTeX Font Info:    ... okay on input line 41.
LaTeX Font Info:    Checking defaults for TS1/cmr/m/n on input line 41.
LaTeX Font Info:    ... okay on input line 41.
LaTeX Font Info:    Checking defaults for OMX/cmex/m/n on input line 41.
LaTeX Font Info:    ... okay on input line 41.
LaTeX Font Info:    Checking defaults for U/cmr/m/n on input line 41.
LaTeX Font Info:    ... okay on input line 41.
LaTeX Font Info:    Checking defaults for PD1/pdf/m/n on input line 41.
LaTeX Font Info:    ... okay on input line 41.
LaTeX Font Info:    Checking defaults for PU/pdf/m/n on input line 41.
LaTeX Font Info:    ... okay on input line 41.

*geometry* driver: auto-detecting
*geometry* detected driver: pdftex
*geometry* verbose mode - [ preamble ] result:
* driver: pdftex
* paper: letterpaper
* layout: <same size as paper>
* layoutoffset:(h,v)=(0.0pt,0.0pt)
* modes: 
* h-part:(L,W,R)=(42.67912pt, 528.93675pt, 42.67912pt)
* v-part:(T,H,B)=(42.67912pt, 709.61174pt, 42.67912pt)
* \paperwidth=614.295pt
* \paperheight=794.96999pt
* \textwidth=528.93675pt
* \textheight=709.61174pt
* \oddsidemargin=-29.59087pt
* \evensidemargin=-29.59087pt
* \topmargin=-66.59087pt
* \headheight=12.0pt
* \headsep=25.0pt
* \topskip=11.0pt
* \footskip=30.0pt
* \marginparwidth=59.0pt
* \marginparsep=10.0pt
* \columnsep=10.0pt
* \skip\footins=10.0pt plus 4.0pt minus 2.0pt
* \hoffset=0.0pt
* \voffset=0.0pt
* \mag=1000
* \@twocolumnfalse
* \@twosidefalse
* \@mparswitchfalse
* \@reversemarginfalse
* (1in=72.27pt=25.4mm, 1cm=28.453pt)


(C:\Users\marc\AppData\Local\Programs\MiKTeX\tex/context/base/mkii\supp-pdf.mki
i
[Loading MPS to PDF converter (version 2006.09.02).]
\scratchcounter=\count297
\scratchdimen=\dimen180
\scratchbox=\box64
\nofMPsegments=\count298
\nofMParguments=\count299
\everyMPshowfont=\toks33
\MPscratchCnt=\count300
\MPscratchDim=\dimen181
\MPnumerator=\count301
\makeMPintoPDFobject=\count302
\everyMPtoPDFconversion=\toks34
)
(C:\Users\marc\AppData\Local\Programs\MiKTeX\tex/latex/epstopdf-pkg\epstopdf-ba
se.sty
Package: epstopdf-base 2020-01-24 v2.11 Base part for package epstopdf
Package epstopdf-base Info: Redefining graphics rule for `.eps' on input line 4
85.

(C:\Users\marc\AppData\Local\Programs\MiKTeX\tex/latex/00miktex\epstopdf-sys.cf
g
File: epstopdf-sys.cfg 2021/03/18 v2.0 Configuration of epstopdf for MiKTeX
))
Package hyperref Info: Link coloring ON on input line 41.
 (PolyWAG_HardwareX.out) (PolyWAG_HardwareX.out)
\@outlinefile=\write3
\openout3 = `PolyWAG_HardwareX.out'.

LaTeX Font Info:    Trying to load font information for TS1+lmr on input line 9
9.

(C:\Users\marc\AppData\Local\Programs\MiKTeX\tex/latex/lm\ts1lmr.fd
File: ts1lmr.fd 2015/05/01 v1.6.1 Font defs for Latin Modern
) [1

{C:/Users/marc/AppData/Local/MiKTeX/fonts/map/pdftex/pdftex.map}{C:/Users/marc/
AppData/Local/Programs/MiKTeX/fonts/enc/dvips/lm/lm-rm.enc}{C:/Users/marc/AppDa
ta/Local/Programs/MiKTeX/fonts/enc/dvips/lm/lm-ts1.enc}]
LaTeX Font Info:    Trying to load font information for OML+lmm on input line 1
20.

(C:\Users\marc\AppData\Local\Programs\MiKTeX\tex/latex/lm\omllmm.fd
File: omllmm.fd 2015/05/01 v1.6.1 Font defs for Latin Modern
)
LaTeX Font Info:    Trying to load font information for OMS+lmsy on input line 
120.

(C:\Users\marc\AppData\Local\Programs\MiKTeX\tex/latex/lm\omslmsy.fd
File: omslmsy.fd 2015/05/01 v1.6.1 Font defs for Latin Modern
)
LaTeX Font Info:    Trying to load font information for OMX+lmex on input line 
120.

(C:\Users\marc\AppData\Local\Programs\MiKTeX\tex/latex/lm\omxlmex.fd
File: omxlmex.fd 2015/05/01 v1.6.1 Font defs for Latin Modern
)
LaTeX Font Info:    External font `lmex10' loaded for size
(Font)              <10.95> on input line 120.
LaTeX Font Info:    External font `lmex10' loaded for size
(Font)              <8> on input line 120.
LaTeX Font Info:    External font `lmex10' loaded for size
(Font)              <6> on input line 120.
LaTeX Font Info:    Trying to load font information for U+msa on input line 120
.

(C:\Users\marc\AppData\Local\Programs\MiKTeX\tex/latex/amsfonts\umsa.fd
File: umsa.fd 2013/01/14 v3.01 AMS symbols A
)
LaTeX Font Info:    Trying to load font information for U+msb on input line 120
.

(C:\Users\marc\AppData\Local\Programs\MiKTeX\tex/latex/amsfonts\umsb.fd
File: umsb.fd 2013/01/14 v3.01 AMS symbols B
)
[2]
Underfull \hbox (badness 10000) in paragraph at lines 167--168

 []


Underfull \hbox (badness 10000) in paragraph at lines 169--170

 []


Underfull \hbox (badness 10000) in paragraph at lines 190--191

 []

<./Assets/Sampler CAD.png, id=183, 726.715pt x 678.535pt>
File: ./Assets/Sampler CAD.png Graphic file (type png)
<use ./Assets/Sampler CAD.png>
Package pdftex.def Info: ./Assets/Sampler CAD.png  used on input line 199.
(pdftex.def)             Requested size: 363.3566pt x 339.26666pt.
[3{C:/Users/marc/AppData/Local/Programs/MiKTeX/fonts/enc/dvips/lm/lm-mathsy.enc
}]
<./Assets/PolyWAG_HX_HD_InHydr.png, id=195, 563.10374pt x 211.79124pt>
File: ./Assets/PolyWAG_HX_HD_InHydr.png Graphic file (type png)
<use ./Assets/PolyWAG_HX_HD_InHydr.png>
Package pdftex.def Info: ./Assets/PolyWAG_HX_HD_InHydr.png  used on input line 
219.
(pdftex.def)             Requested size: 422.32677pt x 158.84303pt.
 [4 <./Assets/Sampler CAD.png>]
<./Assets/PolyWAG_HX_HD_LHR.png, id=202, 403.5075pt x 704.6325pt>
File: ./Assets/PolyWAG_HX_HD_LHR.png Graphic file (type png)
<use ./Assets/PolyWAG_HX_HD_LHR.png>
Package pdftex.def Info: ./Assets/PolyWAG_HX_HD_LHR.png  used on input line 228
.
(pdftex.def)             Requested size: 262.27676pt x 458.0057pt.
<./Assets/PolyWAG_HX_HD_Filter.png, id=203, 341.275pt x 432.61626pt>
File: ./Assets/PolyWAG_HX_HD_Filter.png Graphic file (type png)
<use ./Assets/PolyWAG_HX_HD_Filter.png>
Package pdftex.def Info: ./Assets/PolyWAG_HX_HD_Filter.png  used on input line 
239.
(pdftex.def)             Requested size: 255.95561pt x 324.4614pt.
 [5 <./Assets/PolyWAG_HX_HD_InHydr.png> <./Assets/PolyWAG_HX_HD_LHR.png>] [6 <.
/Assets/PolyWAG_HX_HD_Filter.png>] [7]
<./Assets/Utilities.png, id=236, 843.15pt x 444.91219pt>
File: ./Assets/Utilities.png Graphic file (type png)
<use ./Assets/Utilities.png>
Package pdftex.def Info: ./Assets/Utilities.png  used on input line 309.
(pdftex.def)             Requested size: 421.57396pt x 222.45554pt.

Underfull \hbox (badness 10000) in paragraph at lines 313--314

 []


Underfull \hbox (badness 10000) in paragraph at lines 314--316

 []

[8 <./Assets/Utilities.png>]
Underfull \hbox (badness 10000) in paragraph at lines 316--318

 []

<./Assets/eDNABoard.jpg, id=243, 2083.785pt x 1262.7175pt>
File: ./Assets/eDNABoard.jpg Graphic file (type jpg)
<use ./Assets/eDNABoard.jpg>
Package pdftex.def Info: ./Assets/eDNABoard.jpg  used on input line 325.
(pdftex.def)             Requested size: 312.55426pt x 189.39944pt.
<./Assets/Electronics Block Diagram.png, id=244, 1204.5pt x 613.29124pt>
File: ./Assets/Electronics Block Diagram.png Graphic file (type png)
<use ./Assets/Electronics Block Diagram.png>
Package pdftex.def Info: ./Assets/Electronics Block Diagram.png  used on input 
line 333.
(pdftex.def)             Requested size: 481.79147pt x 245.31215pt.
[9 <./Assets/eDNABoard.jpg>]
Underfull \hbox (badness 10000) in paragraph at lines 337--338

 []


Underfull \hbox (badness 10000) in paragraph at lines 338--340

 []


Underfull \hbox (badness 10000) in paragraph at lines 340--342

 []


Underfull \hbox (badness 10000) in paragraph at lines 342--344

 []

<./Assets/UI.png, id=250, 1413.02907pt x 645.91313pt>
File: ./Assets/UI.png Graphic file (type png)
<use ./Assets/UI.png>
Package pdftex.def Info: ./Assets/UI.png  used on input line 352.
(pdftex.def)             Requested size: 494.56758pt x 226.07298pt.
[10 <./Assets/Electronics Block Diagram.png>]
Underfull \hbox (badness 10000) in paragraph at lines 356--357

 []

[11 <./Assets/UI.png>] [12]
Underfull \hbox (badness 10000) in paragraph at lines 496--497

 []


Underfull \hbox (badness 10000) in paragraph at lines 497--499

 []


Package hyperref Warning: Suppressing link with empty target on input line 500.



Underfull \hbox (badness 10000) in paragraph at lines 503--504

 []


Package hyperref Warning: Suppressing link with empty target on input line 505.


File: ./Assets/UI.png Graphic file (type png)
<use ./Assets/UI.png>
Package pdftex.def Info: ./Assets/UI.png  used on input line 510.
(pdftex.def)             Requested size: 494.56758pt x 226.07298pt.
[13]
File: ./Assets/UI.png Graphic file (type png)
<use ./Assets/UI.png>
Package pdftex.def Info: ./Assets/UI.png  used on input line 525.
(pdftex.def)             Requested size: 494.56758pt x 226.07298pt.
 [14]
File: ./Assets/UI.png Graphic file (type png)
<use ./Assets/UI.png>
Package pdftex.def Info: ./Assets/UI.png  used on input line 532.
(pdftex.def)             Requested size: 494.56758pt x 226.07298pt.
File: ./Assets/UI.png Graphic file (type png)
<use ./Assets/UI.png>
Package pdftex.def Info: ./Assets/UI.png  used on input line 540.
(pdftex.def)             Requested size: 494.56758pt x 226.07298pt.
 [15]
Underfull \hbox (badness 10000) in paragraph at lines 562--563

 []


Underfull \hbox (badness 10000) in paragraph at lines 563--565

 []


Underfull \hbox (badness 10000) in paragraph at lines 565--567

 []

[16]
Underfull \hbox (badness 10000) in paragraph at lines 567--569

 []


Underfull \hbox (badness 10000) in paragraph at lines 569--571

 []

[17{C:/Users/marc/AppData/Local/Programs/MiKTeX/fonts/enc/dvips/lm/lm-mathit.en
c}] [18]
Underfull \hbox (badness 10000) in paragraph at lines 667--668

 []

<./Assets/Turbidity.png, id=305, 469.755pt x 282.3348pt>
File: ./Assets/Turbidity.png Graphic file (type png)
<use ./Assets/Turbidity.png>
Package pdftex.def Info: ./Assets/Turbidity.png  used on input line 673.
(pdftex.def)             Requested size: 469.75386pt x 282.33409pt.

Underfull \hbox (badness 10000) in paragraph at lines 676--678

 []

[19 <./Assets/Turbidity.png>]
<./Assets/Flow1.png, id=313, 383.93437pt x 237.13594pt>
File: ./Assets/Flow1.png Graphic file (type png)
<use ./Assets/Flow1.png>
Package pdftex.def Info: ./Assets/Flow1.png  used on input line 724.
(pdftex.def)             Requested size: 383.93343pt x 237.13535pt.
 [20]
<./Assets/Flow2.png, id=320, 382.42876pt x 235.63031pt>
File: ./Assets/Flow2.png Graphic file (type png)
<use ./Assets/Flow2.png>
Package pdftex.def Info: ./Assets/Flow2.png  used on input line 732.
(pdftex.def)             Requested size: 382.42781pt x 235.62973pt.
 [21 <./Assets/Flow1.png> <./Assets/Flow2.png>]
Underfull \hbox (badness 10000) in paragraph at lines 751--755

 []


Underfull \hbox (badness 10000) in paragraph at lines 757--759

 []


Underfull \hbox (badness 10000) in paragraph at lines 761--764

 []


Underfull \hbox (badness 10000) in paragraph at lines 784--787

 []

(PolyWAG_HardwareX.bbl [22]) [23] (PolyWAG_HardwareX.aux)
 ***********
LaTeX2e <2023-11-01> patch level 1
L3 programming layer <2024-02-13>
 ***********
Package rerunfilecheck Info: File `PolyWAG_HardwareX.out' has not changed.
(rerunfilecheck)             Checksum: 78D9697BA529A50A2CB3F7CAB1B9E765;5518.
 ) 
Here is how much of TeX's memory you used:
 12274 strings out of 474462
 192174 string characters out of 5743355
 1946998 words of memory out of 5000000
 34317 multiletter control sequences out of 15000+600000
 578571 words of font info for 57 fonts, out of 8000000 for 9000
 1141 hyphenation exceptions out of 8191
 69i,18n,79p,1509b,605s stack positions out of 10000i,1000n,20000p,200000b,200000s
<C:/Users/marc/AppData/Local/Programs/MiKTeX/fonts/type1/public/lm/lmbx10.pfb
><C:/Users/marc/AppData/Local/Programs/MiKTeX/fonts/type1/public/lm/lmmi10.pfb>
<C:/Users/marc/AppData/Local/Programs/MiKTeX/fonts/type1/public/lm/lmr10.pfb><C
:/Users/marc/AppData/Local/Programs/MiKTeX/fonts/type1/public/lm/lmri10.pfb><C:
/Users/marc/AppData/Local/Programs/MiKTeX/fonts/type1/public/lm/lmsy10.pfb><C:/
Users/marc/AppData/Local/Programs/MiKTeX/fonts/type1/public/lm/lmsy8.pfb>
Output written on PolyWAG_HardwareX.pdf (23 pages, 1349660 bytes).
PDF statistics:
 401 PDF objects out of 1000 (max. 8388607)
 97 named destinations out of 1000 (max. 500000)
 336 words of extra memory for PDF output out of 10000 (max. 10000000)

