\BOOKMARK [1][-]{section.1}{\376\377\000H\000a\000r\000d\000w\000a\000r\000e\000\040\000i\000n\000\040\000c\000o\000n\000t\000e\000x\000t}{}% 1
\BOOKMARK [1][-]{section.2}{\376\377\000H\000a\000r\000d\000w\000a\000r\000e\000\040\000d\000e\000s\000c\000r\000i\000p\000t\000i\000o\000n}{}% 2
\BOOKMARK [2][-]{subsection.2.1}{\376\377\000H\000y\000d\000r\000a\000u\000l\000i\000c\000s}{section.2}% 3
\BOOKMARK [3][-]{subsubsection.2.1.1}{\376\377\000T\000h\000e\000\040\000P\000u\000m\000p\000\040\000a\000n\000d\000\040\000I\000n\000p\000u\000t\000s}{subsection.2.1}% 4
\BOOKMARK [3][-]{subsubsection.2.1.2}{\376\377\000T\000h\000e\000\040\000L\000o\000w\000e\000r\000\040\000H\000y\000d\000r\000a\000u\000l\000i\000c\000s}{subsection.2.1}% 5
\BOOKMARK [3][-]{subsubsection.2.1.3}{\376\377\000T\000h\000e\000\040\000F\000i\000l\000t\000e\000r\000\040\000H\000o\000u\000s\000i\000n\000g\000s}{subsection.2.1}% 6
\BOOKMARK [3][-]{subsubsection.2.1.4}{\376\377\000T\000h\000e\000\040\000U\000p\000p\000e\000r\000\040\000H\000y\000d\000r\000a\000u\000l\000i\000c\000s\000\040\000a\000n\000d\000\040\000O\000u\000t\000p\000u\000t\000s}{subsection.2.1}% 7
\BOOKMARK [2][-]{subsection.2.2}{\376\377\000S\000a\000m\000p\000l\000i\000n\000g\000\040\000P\000r\000o\000c\000e\000d\000u\000r\000e}{section.2}% 8
\BOOKMARK [3][-]{subsubsection.2.2.1}{\376\377\000T\000h\000e\000\040\000I\000d\000l\000e\000\040\000S\000t\000a\000t\000e}{subsection.2.2}% 9
\BOOKMARK [3][-]{subsubsection.2.2.2}{\376\377\000T\000h\000e\000\040\000P\000r\000e\000f\000i\000l\000t\000e\000r\000\040\000C\000l\000e\000a\000r}{subsection.2.2}% 10
\BOOKMARK [3][-]{subsubsection.2.2.3}{\376\377\000T\000h\000e\000\040\000F\000l\000u\000s\000h\000\040\000S\000t\000a\000t\000e}{subsection.2.2}% 11
\BOOKMARK [3][-]{subsubsection.2.2.4}{\376\377\000T\000h\000e\000\040\000O\000f\000f\000s\000h\000o\000o\000t\000\040\000C\000l\000e\000a\000n}{subsection.2.2}% 12
\BOOKMARK [3][-]{subsubsection.2.2.5}{\376\377\000T\000h\000e\000\040\000S\000a\000m\000p\000l\000e\000\040\000S\000t\000a\000t\000e}{subsection.2.2}% 13
\BOOKMARK [3][-]{subsubsection.2.2.6}{\376\377\000T\000h\000e\000\040\000P\000r\000e\000s\000e\000r\000v\000a\000t\000i\000v\000e\000\040\000F\000l\000u\000s\000h}{subsection.2.2}% 14
\BOOKMARK [3][-]{subsubsection.2.2.7}{\376\377\000T\000h\000e\000\040\000P\000r\000e\000s\000e\000r\000v\000a\000t\000i\000v\000e\000\040\000S\000t\000a\000t\000e}{subsection.2.2}% 15
\BOOKMARK [3][-]{subsubsection.2.2.8}{\376\377\000T\000h\000e\000\040\000A\000i\000r\000\040\000F\000l\000u\000s\000h}{subsection.2.2}% 16
\BOOKMARK [3][-]{subsubsection.2.2.9}{\376\377\000T\000h\000e\000\040\000E\000n\000d\000\040\000S\000t\000a\000t\000e}{subsection.2.2}% 17
\BOOKMARK [2][-]{subsection.2.3}{\376\377\000U\000t\000i\000l\000i\000t\000i\000e\000s}{section.2}% 18
\BOOKMARK [2][-]{subsection.2.4}{\376\377\000E\000l\000e\000c\000t\000r\000o\000n\000i\000c\000s}{section.2}% 19
\BOOKMARK [2][-]{subsection.2.5}{\376\377\000U\000s\000e\000r\000\040\000I\000n\000t\000e\000r\000f\000a\000c\000e}{section.2}% 20
\BOOKMARK [1][-]{section.3}{\376\377\000D\000e\000s\000i\000g\000n\000\040\000F\000i\000l\000e\000s\000\040\000S\000u\000m\000m\000a\000r\000y}{}% 21
\BOOKMARK [1][-]{section.4}{\376\377\000B\000i\000l\000l\000\040\000o\000f\000\040\000m\000a\000t\000e\000r\000i\000a\000l\000s}{}% 22
\BOOKMARK [1][-]{section.5}{\376\377\000B\000u\000i\000l\000d\000\040\000i\000n\000s\000t\000r\000u\000c\000t\000i\000o\000n\000s}{}% 23
\BOOKMARK [1][-]{section.6}{\376\377\000O\000p\000e\000r\000a\000t\000i\000o\000n\000\040\000i\000n\000s\000t\000r\000u\000c\000t\000i\000o\000n\000s}{}% 24
\BOOKMARK [2][-]{subsection.6.1}{\376\377\000U\000s\000e\000r\000\040\000I\000n\000t\000e\000r\000f\000a\000c\000e\000\040\000S\000e\000t\000u\000p\000\040\000\046\000\040\000B\000r\000o\000w\000s\000e\000r\000\040\000C\000o\000n\000f\000i\000g\000u\000r\000a\000t\000i\000o\000n}{section.6}% 25
\BOOKMARK [2][-]{subsection.6.2}{\376\377\000S\000a\000m\000p\000l\000e\000r\000\040\000C\000o\000d\000e\000\040\000U\000p\000l\000o\000a\000d}{section.6}% 26
\BOOKMARK [2][-]{subsection.6.3}{\376\377\000S\000a\000m\000p\000l\000e\000r\000\040\000C\000l\000e\000a\000n\000i\000n\000g}{section.6}% 27
\BOOKMARK [2][-]{subsection.6.4}{\376\377\000S\000a\000m\000p\000l\000e\000r\000/\000F\000i\000l\000t\000e\000r\000\040\000S\000e\000t\000u\000p}{section.6}% 28
\BOOKMARK [2][-]{subsection.6.5}{\376\377\000T\000a\000s\000k\000\040\000C\000o\000n\000f\000i\000g\000u\000r\000a\000t\000i\000o\000n}{section.6}% 29
\BOOKMARK [1][-]{section.7}{\376\377\000V\000a\000l\000i\000d\000a\000t\000i\000o\000n\000\040\000a\000n\000d\000\040\000c\000h\000a\000r\000a\000c\000t\000e\000r\000i\000z\000a\000t\000i\000o\000n}{}% 30
\BOOKMARK [2][-]{subsection.7.1}{\376\377\000C\000r\000o\000s\000s\000-\000C\000o\000n\000t\000a\000m\000i\000n\000a\000t\000i\000o\000n\000\040\000T\000e\000s\000t\000i\000n\000g}{section.7}% 31
\BOOKMARK [3][-]{subsubsection.7.1.1}{\376\377\000T\000u\000r\000b\000i\000d\000i\000t\000y}{subsection.7.1}% 32
\BOOKMARK [3][-]{subsubsection.7.1.2}{\376\377\000F\000l\000o\000w\000\040\000A\000c\000c\000u\000r\000a\000c\000y\000\040\000T\000e\000s\000t\000i\000n\000g}{subsection.7.1}% 33
\BOOKMARK [3][-]{subsubsection.7.1.3}{\376\377\000B\000a\000t\000t\000e\000r\000y\000\040\000L\000i\000f\000e\000\040\000T\000e\000s\000t\000i\000n\000g}{subsection.7.1}% 34
\BOOKMARK [1][-]{section.8}{\376\377\000C\000o\000n\000c\000l\000u\000s\000i\000o\000n}{}% 35
